<?xml version="1.0" encoding="UTF-8"?>
<testsuite xmlns:xsi="http://www.w3.org/2001/XMLSchema-instance" xsi:noNamespaceSchemaLocation="https://maven.apache.org/surefire/maven-surefire-plugin/xsd/surefire-test-report-3.0.xsd" version="3.0" name="com.Trendyol.runners.Runner" time="69.856" tests="8" errors="2" skipped="0" failures="0">
  <properties>
[...]
</properties>
  <testcase name="asd" classname="Testing Api scenario from searching by title on Home Page" time="8.764"/>
  <testcase name="The user should be able to login with correct credentials" classname="Testing e2e scenario from searching a product until checkout" time="8.65"/>
  <testcase name="The user should be able to search for an item then add it to the cart and proceed checkout" classname="Testing e2e scenario from searching a product until checkout" time="16.81">
    <error message="Expected condition failed: waiting for visibility of element located by By.xpath: //div[@class=&apos;add-to-basket-button-text&apos;] (tried for 10 second(s) with 500 milliseconds interval)&#10;Build info: version: &apos;4.1.1&apos;, revision: &apos;e8fcc2cecf&apos;&#10;System info: host: &apos;DESKTOP-4V2V1EA&apos;, ip: &apos;192.168.1.7&apos;, os.name: &apos;Windows 10&apos;, os.arch: &apos;amd64&apos;, os.version: &apos;10.0&apos;, java.version: &apos;11.0.16.1&apos;&#10;Driver info: org.openqa.selenium.chrome.ChromeDriver&#10;Capabilities {acceptInsecureCerts: false, browserName: chrome, browserVersion: 108.0.5359.125, chrome: {chromedriverVersion: 108.0.5359.71 (1e0e3868ee06..., userDataDir: C:\Users\Sezen\AppData\Loca...}, goog:chromeOptions: {debuggerAddress: localhost:53539}, javascriptEnabled: true, networkConnectionEnabled: false, pageLoadStrategy: normal, platform: WINDOWS, platformName: WINDOWS, proxy: Proxy(), se:cdp: ws://localhost:53539/devtoo..., se:cdpVersion: 108.0.5359.125, setWindowRect: true, strictFileInteractability: false, timeouts: {implicit: 0, pageLoad: 300000, script: 30000}, unhandledPromptBehavior: dismiss and notify, webauthn:extension:credBlob: true, webauthn:extension:largeBlob: true, webauthn:virtualAuthenticators: true}&#10;Session ID: 75feef84d8252de47e1798a8ade910ce" type="org.openqa.selenium.TimeoutException"><![CDATA[org.openqa.selenium.TimeoutException: 
Expected condition failed: waiting for visibility of element located by By.xpath: //div[@class='add-to-basket-button-text'] (tried for 10 second(s) with 500 milliseconds interval)
Build info: version: '4.1.1', revision: 'e8fcc2cecf'
System info: host: 'DESKTOP-4V2V1EA', ip: '192.168.1.7', os.name: 'Windows 10', os.arch: 'amd64', os.version: '10.0', java.version: '11.0.16.1'
Driver info: org.openqa.selenium.chrome.ChromeDriver
Capabilities {acceptInsecureCerts: false, browserName: chrome, browserVersion: 108.0.5359.125, chrome: {chromedriverVersion: 108.0.5359.71 (1e0e3868ee06..., userDataDir: C:\Users\Sezen\AppData\Loca...}, goog:chromeOptions: {debuggerAddress: localhost:53539}, javascriptEnabled: true, networkConnectionEnabled: false, pageLoadStrategy: normal, platform: WINDOWS, platformName: WINDOWS, proxy: Proxy(), se:cdp: ws://localhost:53539/devtoo..., se:cdpVersion: 108.0.5359.125, setWindowRect: true, strictFileInteractability: false, timeouts: {implicit: 0, pageLoad: 300000, script: 30000}, unhandledPromptBehavior: dismiss and notify, webauthn:extension:credBlob: true, webauthn:extension:largeBlob: true, webauthn:virtualAuthenticators: true}
Session ID: 75feef84d8252de47e1798a8ade910ce
]]></error>
    <system-out><![CDATA[2023-01-03 18:08:05,031 INFO  - The scenario 'The user should be able to search for an item then add it to the cart and proceed checkout' started to run  
2023-01-03 18:08:06,948 INFO  - URL is opened  
2023-01-03 18:08:06,948 INFO  - Waiting for the element to be visible  
2023-01-03 18:08:07,032 INFO  - Successfully clicked the element  
2023-01-03 18:08:07,032 INFO  - Waiting for the element to be visible  
2023-01-03 18:08:08,121 INFO  - Successfully clicked the element  
2023-01-03 18:08:08,122 INFO  - Waiting for the element to be visible  
2023-01-03 18:08:08,220 INFO  - Successfully sent the word  
2023-01-03 18:08:08,220 INFO  - Waiting for the element to be visible  
2023-01-03 18:08:10,113 INFO  - Successfully clicked the element  
2023-01-03 18:08:10,127 INFO  - Random number has been generated  
2023-01-03 18:08:10,403 INFO  - Page is successfully loaded  
2023-01-03 18:08:10,403 INFO  - Waiting for the element to be visible  
2023-01-03 18:08:21,021 INFO  - The scenario 'The user should be able to search for an item then add it to the cart and proceed checkout' is failed   
2023-01-03 18:08:21,021 INFO  - The scenario 'The user should be able to search for an item then add it to the cart and proceed checkout' is FAILED   
]]></system-out>
    <system-err><![CDATA[Starting ChromeDriver 108.0.5359.71 (1e0e3868ee06e91ad636a874420e3ca3ae3756ac-refs/branch-heads/5359@{#1016}) on port 57035
Only local connections are allowed.
Please see https://chromedriver.chromium.org/security-considerations for suggestions on keeping ChromeDriver safe.
ChromeDriver was started successfully.
Jan 03, 2023 6:08:04 PM org.openqa.selenium.remote.ProtocolHandshake createSession
INFO: Detected dialect: W3C
Jan 03, 2023 6:08:04 PM org.openqa.selenium.devtools.CdpVersionFinder findNearestMatch
WARNING: Unable to find an exact match for CDP version 108, so returning the closest version found: a no-op implementation
Jan 03, 2023 6:08:04 PM org.openqa.selenium.devtools.CdpVersionFinder findNearestMatch
INFO: Unable to find CDP implementation matching 108.
Jan 03, 2023 6:08:04 PM org.openqa.selenium.chromium.ChromiumDriver lambda$new$3
WARNING: Unable to find version of CDP to use for . You may need to include a dependency on a specific version of the CDP using something similar to `org.seleniumhq.selenium:selenium-devtools-v86:4.1.1` where the version ("v86") matches the version of the chromium-based browser you're using and the version number of the artifact is the same as Selenium's.
]]></system-err>
  </testcase>
  <testcase name="The user should be able to search for an item then add it to the cart within search result" classname="Testing e2e scenario from searching a product until checkout" time="7.26">
    <error message="element click intercepted: Element &lt;div class=&quot;add-to-bs-tx&quot;&gt;...&lt;/div&gt; is not clickable at point (1447, 656). Other element would receive the click: &lt;button class=&quot;add-to-basket-button&quot;&gt;...&lt;/button&gt;&#10;  (Session info: chrome=108.0.5359.125)&#10;Build info: version: &apos;4.1.1&apos;, revision: &apos;e8fcc2cecf&apos;&#10;System info: host: &apos;DESKTOP-4V2V1EA&apos;, ip: &apos;192.168.1.7&apos;, os.name: &apos;Windows 10&apos;, os.arch: &apos;amd64&apos;, os.version: &apos;10.0&apos;, java.version: &apos;11.0.16.1&apos;&#10;Driver info: org.openqa.selenium.chrome.ChromeDriver&#10;Command: [a9d3f38b4692f0ad72c7045e07fe1649, clickElement {id=caf3c36c-d295-4248-987a-995b47ac0812}]&#10;Capabilities {acceptInsecureCerts: false, browserName: chrome, browserVersion: 108.0.5359.125, chrome: {chromedriverVersion: 108.0.5359.71 (1e0e3868ee06..., userDataDir: C:\Users\Sezen\AppData\Loca...}, goog:chromeOptions: {debuggerAddress: localhost:53667}, javascriptEnabled: true, networkConnectionEnabled: false, pageLoadStrategy: normal, platform: WINDOWS, platformName: WINDOWS, proxy: Proxy(), se:cdp: ws://localhost:53667/devtoo..., se:cdpVersion: 108.0.5359.125, setWindowRect: true, strictFileInteractability: false, timeouts: {implicit: 0, pageLoad: 300000, script: 30000}, unhandledPromptBehavior: dismiss and notify, webauthn:extension:credBlob: true, webauthn:extension:largeBlob: true, webauthn:virtualAuthenticators: true}&#10;Element: [[ChromeDriver: chrome on WINDOWS (a9d3f38b4692f0ad72c7045e07fe1649)] -&gt; xpath: //div[@class=&apos;add-to-bs-tx&apos;]]&#10;Session ID: a9d3f38b4692f0ad72c7045e07fe1649" type="org.openqa.selenium.ElementClickInterceptedException"><![CDATA[org.openqa.selenium.ElementClickInterceptedException: 
element click intercepted: Element <div class="add-to-bs-tx">...</div> is not clickable at point (1447, 656). Other element would receive the click: <button class="add-to-basket-button">...</button>
  (Session info: chrome=108.0.5359.125)
Build info: version: '4.1.1', revision: 'e8fcc2cecf'
System info: host: 'DESKTOP-4V2V1EA', ip: '192.168.1.7', os.name: 'Windows 10', os.arch: 'amd64', os.version: '10.0', java.version: '11.0.16.1'
Driver info: org.openqa.selenium.chrome.ChromeDriver
Command: [a9d3f38b4692f0ad72c7045e07fe1649, clickElement {id=caf3c36c-d295-4248-987a-995b47ac0812}]
Capabilities {acceptInsecureCerts: false, browserName: chrome, browserVersion: 108.0.5359.125, chrome: {chromedriverVersion: 108.0.5359.71 (1e0e3868ee06..., userDataDir: C:\Users\Sezen\AppData\Loca...}, goog:chromeOptions: {debuggerAddress: localhost:53667}, javascriptEnabled: true, networkConnectionEnabled: false, pageLoadStrategy: normal, platform: WINDOWS, platformName: WINDOWS, proxy: Proxy(), se:cdp: ws://localhost:53667/devtoo..., se:cdpVersion: 108.0.5359.125, setWindowRect: true, strictFileInteractability: false, timeouts: {implicit: 0, pageLoad: 300000, script: 30000}, unhandledPromptBehavior: dismiss and notify, webauthn:extension:credBlob: true, webauthn:extension:largeBlob: true, webauthn:virtualAuthenticators: true}
Element: [[ChromeDriver: chrome on WINDOWS (a9d3f38b4692f0ad72c7045e07fe1649)] -> xpath: //div[@class='add-to-bs-tx']]
Session ID: a9d3f38b4692f0ad72c7045e07fe1649
]]></error>
    <system-out><![CDATA[2023-01-03 18:08:21,859 INFO  - The scenario 'The user should be able to search for an item then add it to the cart within search result' started to run  
2023-01-03 18:08:23,895 INFO  - URL is opened  
2023-01-03 18:08:23,895 INFO  - Waiting for the element to be visible  
2023-01-03 18:08:23,987 INFO  - Successfully clicked the element  
2023-01-03 18:08:23,987 INFO  - Waiting for the element to be visible  
2023-01-03 18:08:25,063 INFO  - Successfully clicked the element  
2023-01-03 18:08:25,063 INFO  - Waiting for the element to be visible  
2023-01-03 18:08:25,163 INFO  - Successfully sent the word  
2023-01-03 18:08:25,164 INFO  - Waiting for the element to be visible  
2023-01-03 18:08:27,059 INFO  - Successfully clicked the element  
2023-01-03 18:08:27,070 INFO  - Random number has been generated  
2023-01-03 18:08:28,265 INFO  - The scenario 'The user should be able to search for an item then add it to the cart within search result' is failed   
2023-01-03 18:08:28,265 INFO  - The scenario 'The user should be able to search for an item then add it to the cart within search result' is FAILED   
]]></system-out>
    <system-err><![CDATA[Starting ChromeDriver 108.0.5359.71 (1e0e3868ee06e91ad636a874420e3ca3ae3756ac-refs/branch-heads/5359@{#1016}) on port 59033
Only local connections are allowed.
Please see https://chromedriver.chromium.org/security-considerations for suggestions on keeping ChromeDriver safe.
ChromeDriver was started successfully.
Jan 03, 2023 6:08:21 PM org.openqa.selenium.remote.ProtocolHandshake createSession
INFO: Detected dialect: W3C
Jan 03, 2023 6:08:21 PM org.openqa.selenium.devtools.CdpVersionFinder findNearestMatch
WARNING: Unable to find an exact match for CDP version 108, so returning the closest version found: a no-op implementation
Jan 03, 2023 6:08:21 PM org.openqa.selenium.devtools.CdpVersionFinder findNearestMatch
INFO: Unable to find CDP implementation matching 108.
Jan 03, 2023 6:08:21 PM org.openqa.selenium.chromium.ChromiumDriver lambda$new$3
WARNING: Unable to find version of CDP to use for . You may need to include a dependency on a specific version of the CDP using something similar to `org.seleniumhq.selenium:selenium-devtools-v86:4.1.1` where the version ("v86") matches the version of the chromium-based browser you're using and the version number of the artifact is the same as Selenium's.
]]></system-err>
  </testcase>
  <testcase name="The user should be able to login with correct credentials" classname="Testing all the Login scenarios" time="8.014"/>
  <testcase name="The user should not be able to login with wrong google credentials" classname="Testing all the Login scenarios" time="7.779"/>
  <testcase name="The user should not be able to login with correct email and null password" classname="Testing all the Login scenarios" time="5.92"/>
  <testcase name="The user should not be able to login with correct email and incorrect password" classname="Testing all the Login scenarios" time="6.409"/>
</testsuite>