<?xml version="1.0" encoding="UTF-8"?>
<testsuite xmlns:xsi="http://www.w3.org/2001/XMLSchema-instance" xsi:noNamespaceSchemaLocation="https://maven.apache.org/surefire/maven-surefire-plugin/xsd/surefire-test-report-3.0.xsd" version="3.0" name="com.Trendyol.runners.FailedTestRunner" time="0.108" tests="1" errors="1" skipped="0" failures="0">
  <properties>
[...]
</properties>
  <testcase name="initializationError" classname="com.Trendyol.runners.FailedTestRunner" time="0.005">
    <error message="Failed to parse &apos;target\rerun.txt&apos;" type="io.cucumber.core.exception.CucumberException"><![CDATA[io.cucumber.core.exception.CucumberException: Failed to parse 'target\rerun.txt'
Caused by: java.nio.file.NoSuchFileException: target\rerun.txt
]]></error>
  </testcase>
</testsuite>